
> Configure project :shared
w: The following Kotlin/Native targets cannot be built on this machine and are disabled:
iosArm64, iosSimulatorArm64, iosX64
To hide this message, add 'kotlin.native.ignoreDisabledTargets=true' to the Gradle properties.


> Task :app:preBuild UP-TO-DATE
> Task :shared:preBuild UP-TO-DATE
> Task :app:preDebugBuild UP-TO-DATE
> Task :shared:preDebugBuild UP-TO-DATE
> Task :app:checkKotlinGradlePluginConfigurationErrors SKIPPED
> Task :shared:generateDebugResValues UP-TO-DATE
> Task :shared:generateDebugResources UP-TO-DATE
> Task :shared:packageDebugResources UP-TO-DATE
> Task :shared:processDebugNavigationResources UP-TO-DATE
> Task :shared:parseDebugLocalResources UP-TO-DATE
> Task :shared:generateDebugRFile UP-TO-DATE
> Task :shared:writeDebugAarMetadata UP-TO-DATE
> Task :shared:extractDeepLinksDebug UP-TO-DATE
> Task :shared:processDebugManifest UP-TO-DATE
> Task :shared:compileDebugLibraryResources UP-TO-DATE
> Task :shared:checkKotlinGradlePluginConfigurationErrors SKIPPED
> Task :shared:generateCommonMainStorageDatabaseInterface UP-TO-DATE
> Task :shared:generateDebugBuildConfig UP-TO-DATE
> Task :shared:compileDebugKotlinAndroid UP-TO-DATE
> Task :shared:javaPreCompileDebug UP-TO-DATE
> Task :shared:compileDebugJavaWithJavac UP-TO-DATE
> Task :shared:bundleLibCompileToJarDebug UP-TO-DATE
> Task :shared:bundleLibRuntimeToJarDebug UP-TO-DATE
> Task :shared:processDebugJavaRes UP-TO-DATE
> Task :shared:createFullJarDebug UP-TO-DATE
> Task :app:dataBindingMergeDependencyArtifactsDebug UP-TO-DATE
> Task :app:generateDebugResValues UP-TO-DATE
> Task :app:generateDebugResources UP-TO-DATE
> Task :app:mergeDebugResources UP-TO-DATE
> Task :app:packageDebugResources UP-TO-DATE
> Task :app:processDebugNavigationResources UP-TO-DATE
> Task :app:parseDebugLocalResources UP-TO-DATE
> Task :app:dataBindingGenBaseClassesDebug UP-TO-DATE
> Task :app:generateDebugBuildConfig UP-TO-DATE
> Task :app:checkDebugAarMetadata UP-TO-DATE
> Task :app:compileDebugNavigationResources UP-TO-DATE
> Task :app:mapDebugSourceSetPaths UP-TO-DATE
> Task :app:createDebugCompatibleScreenManifests UP-TO-DATE
> Task :app:extractDeepLinksDebug UP-TO-DATE
> Task :app:processDebugMainManifest UP-TO-DATE
> Task :app:processDebugManifest UP-TO-DATE
> Task :app:processDebugManifestForPackage UP-TO-DATE
> Task :app:processDebugResources UP-TO-DATE
> Task :app:kspDebugKotlin UP-TO-DATE
> Task :app:compileDebugKotlin UP-TO-DATE
> Task :app:javaPreCompileDebug UP-TO-DATE
> Task :app:compileDebugJavaWithJavac UP-TO-DATE
> Task :app:hiltAggregateDepsDebug UP-TO-DATE
> Task :app:hiltJavaCompileDebug UP-TO-DATE
> Task :app:transformDebugClassesWithAsm UP-TO-DATE
> Task :app:bundleDebugClassesToRuntimeJar UP-TO-DATE
> Task :app:preDebugUnitTestBuild UP-TO-DATE
> Task :app:processDebugJavaRes UP-TO-DATE
> Task :app:bundleDebugClassesToCompileJar UP-TO-DATE
> Task :app:javaPreCompileDebugUnitTest UP-TO-DATE
> Task :app:kspDebugUnitTestKotlin

> Task :app:compileDebugUnitTestKotlin FAILED
e: file:///app/app/src/test/java/com/synapse/social/studioasinc/data/repository/PollRepositoryTest.kt:35:38 Unresolved reference 'PostgrestBuilder'.
e: file:///app/app/src/test/java/com/synapse/social/studioasinc/data/repository/PollRepositoryTest.kt:36:38 Unresolved reference 'PostgrestBuilder'.
e: file:///app/app/src/test/java/com/synapse/social/studioasinc/data/repository/PollRepositoryTest.kt:41:36 Unresolved reference 'PostgrestResult'.
e: file:///app/app/src/test/java/com/synapse/social/studioasinc/data/repository/PollRepositoryTest.kt:60:32 Unresolved reference 'PostgrestResult'.
e: file:///app/app/src/test/java/com/synapse/social/studioasinc/data/repository/PollRepositoryTest.kt:62:9 Cannot infer type for this parameter. Please specify it explicitly.
e: file:///app/app/src/test/java/com/synapse/social/studioasinc/data/repository/PollRepositoryTest.kt:62:30 Unresolved reference 'data'.
e: file:///app/app/src/test/java/com/synapse/social/studioasinc/data/repository/PollRepositoryTest.kt:64:52 Cannot infer type for this parameter. Please specify it explicitly.
e: file:///app/app/src/test/java/com/synapse/social/studioasinc/data/repository/PollRepositoryTest.kt:64:52 Too many arguments for 'fun StringBuilder.insert(index: Int, value: Short): StringBuilder'.
e: file:///app/app/src/test/java/com/synapse/social/studioasinc/data/repository/PollRepositoryTest.kt:64:59 Cannot infer type for this parameter. Please specify it explicitly.
e: file:///app/app/src/test/java/com/synapse/social/studioasinc/data/repository/PollRepositoryTest.kt:64:59 Too many arguments for 'fun StringBuilder.insert(index: Int, value: Short): StringBuilder'.
e: file:///app/app/src/test/java/com/synapse/social/studioasinc/data/repository/PollRepositoryTest.kt:65:9 Cannot infer type for this parameter. Please specify it explicitly.
e: file:///app/app/src/test/java/com/synapse/social/studioasinc/data/repository/PollRepositoryTest.kt:65:31 Unresolved reference 'update'.
e: file:///app/app/src/test/java/com/synapse/social/studioasinc/data/repository/PollRepositoryTest.kt:65:38 Cannot infer type for this parameter. Please specify it explicitly.
e: file:///app/app/src/test/java/com/synapse/social/studioasinc/data/repository/PollRepositoryTest.kt:65:45 Cannot infer type for this parameter. Please specify it explicitly.
e: file:///app/app/src/test/java/com/synapse/social/studioasinc/data/repository/PollRepositoryTest.kt:65:52 Cannot infer type for this parameter. Please specify it explicitly.
e: file:///app/app/src/test/java/com/synapse/social/studioasinc/data/repository/PollRepositoryTest.kt:65:59 Cannot infer type for this parameter. Please specify it explicitly.
e: file:///app/app/src/test/java/com/synapse/social/studioasinc/data/repository/PollRepositoryTest.kt:66:9 Cannot infer type for this parameter. Please specify it explicitly.
e: file:///app/app/src/test/java/com/synapse/social/studioasinc/data/repository/PollRepositoryTest.kt:66:31 Unresolved reference 'delete'.
e: file:///app/app/src/test/java/com/synapse/social/studioasinc/data/repository/PollRepositoryTest.kt:66:38 Cannot infer type for this parameter. Please specify it explicitly.
e: file:///app/app/src/test/java/com/synapse/social/studioasinc/data/repository/PollRepositoryTest.kt:66:45 Cannot infer type for this parameter. Please specify it explicitly.
e: file:///app/app/src/test/java/com/synapse/social/studioasinc/data/repository/PollRepositoryTest.kt:66:52 Cannot infer type for this parameter. Please specify it explicitly.
e: file:///app/app/src/test/java/com/synapse/social/studioasinc/data/repository/PollRepositoryTest.kt:66:59 Cannot infer type for this parameter. Please specify it explicitly.
e: file:///app/app/src/test/java/com/synapse/social/studioasinc/data/repository/PollRepositoryTest.kt:74:31 Unresolved reference 'PostgrestResult'.
e: file:///app/app/src/test/java/com/synapse/social/studioasinc/data/repository/PollRepositoryTest.kt:75:9 Cannot infer type for this parameter. Please specify it explicitly.
e: file:///app/app/src/test/java/com/synapse/social/studioasinc/data/repository/PollRepositoryTest.kt:75:29 Unresolved reference 'data'.
e: file:///app/app/src/test/java/com/synapse/social/studioasinc/data/repository/PollRepositoryTest.kt:76:9 Cannot infer type for this parameter. Please specify it explicitly.
e: file:///app/app/src/test/java/com/synapse/social/studioasinc/data/repository/PollRepositoryTest.kt:76:31 Unresolved reference 'select'.
e: file:///app/app/src/test/java/com/synapse/social/studioasinc/data/repository/PollRepositoryTest.kt:76:38 Cannot infer type for this parameter. Please specify it explicitly.
e: file:///app/app/src/test/java/com/synapse/social/studioasinc/data/repository/PollRepositoryTest.kt:76:45 Cannot infer type for this parameter. Please specify it explicitly.
e: file:///app/app/src/test/java/com/synapse/social/studioasinc/data/repository/PollRepositoryTest.kt:76:52 Cannot infer type for this parameter. Please specify it explicitly.
e: file:///app/app/src/test/java/com/synapse/social/studioasinc/data/repository/PollRepositoryTest.kt:76:59 Cannot infer type for this parameter. Please specify it explicitly.
e: file:///app/app/src/test/java/com/synapse/social/studioasinc/data/repository/PollRepositoryTest.kt:87:31 Unresolved reference 'PostgrestResult'.
e: file:///app/app/src/test/java/com/synapse/social/studioasinc/data/repository/PollRepositoryTest.kt:88:9 Cannot infer type for this parameter. Please specify it explicitly.
e: file:///app/app/src/test/java/com/synapse/social/studioasinc/data/repository/PollRepositoryTest.kt:88:29 Unresolved reference 'data'.
e: file:///app/app/src/test/java/com/synapse/social/studioasinc/data/repository/PollRepositoryTest.kt:89:9 Cannot infer type for this parameter. Please specify it explicitly.
e: file:///app/app/src/test/java/com/synapse/social/studioasinc/data/repository/PollRepositoryTest.kt:89:31 Unresolved reference 'select'.
e: file:///app/app/src/test/java/com/synapse/social/studioasinc/data/repository/PollRepositoryTest.kt:89:38 Cannot infer type for this parameter. Please specify it explicitly.
e: file:///app/app/src/test/java/com/synapse/social/studioasinc/data/repository/PollRepositoryTest.kt:89:45 Cannot infer type for this parameter. Please specify it explicitly.
e: file:///app/app/src/test/java/com/synapse/social/studioasinc/data/repository/PollRepositoryTest.kt:89:52 Cannot infer type for this parameter. Please specify it explicitly.
e: file:///app/app/src/test/java/com/synapse/social/studioasinc/data/repository/PollRepositoryTest.kt:89:59 Cannot infer type for this parameter. Please specify it explicitly.
e: file:///app/app/src/test/java/com/synapse/social/studioasinc/data/repository/PollRepositoryTest.kt:99:9 Cannot infer type for this parameter. Please specify it explicitly.
e: file:///app/app/src/test/java/com/synapse/social/studioasinc/data/repository/PollRepositoryTest.kt:99:31 Unresolved reference 'select'.
e: file:///app/app/src/test/java/com/synapse/social/studioasinc/data/repository/PollRepositoryTest.kt:99:38 Cannot infer type for this parameter. Please specify it explicitly.
e: file:///app/app/src/test/java/com/synapse/social/studioasinc/data/repository/PollRepositoryTest.kt:99:45 Cannot infer type for this parameter. Please specify it explicitly.
e: file:///app/app/src/test/java/com/synapse/social/studioasinc/data/repository/PollRepositoryTest.kt:99:52 Cannot infer type for this parameter. Please specify it explicitly.
e: file:///app/app/src/test/java/com/synapse/social/studioasinc/data/repository/PollRepositoryTest.kt:99:59 Cannot infer type for this parameter. Please specify it explicitly.
e: file:///app/app/src/test/java/com/synapse/social/studioasinc/data/repository/PollRepositoryTest.kt:113:31 Unresolved reference 'PostgrestResult'.
e: file:///app/app/src/test/java/com/synapse/social/studioasinc/data/repository/PollRepositoryTest.kt:114:9 Cannot infer type for this parameter. Please specify it explicitly.
e: file:///app/app/src/test/java/com/synapse/social/studioasinc/data/repository/PollRepositoryTest.kt:114:29 Unresolved reference 'data'.
e: file:///app/app/src/test/java/com/synapse/social/studioasinc/data/repository/PollRepositoryTest.kt:115:9 Cannot infer type for this parameter. Please specify it explicitly.
e: file:///app/app/src/test/java/com/synapse/social/studioasinc/data/repository/PollRepositoryTest.kt:115:31 Unresolved reference 'select'.
e: file:///app/app/src/test/java/com/synapse/social/studioasinc/data/repository/PollRepositoryTest.kt:115:38 Cannot infer type for this parameter. Please specify it explicitly.
e: file:///app/app/src/test/java/com/synapse/social/studioasinc/data/repository/PollRepositoryTest.kt:115:45 Cannot infer type for this parameter. Please specify it explicitly.
e: file:///app/app/src/test/java/com/synapse/social/studioasinc/data/repository/PollRepositoryTest.kt:115:52 Cannot infer type for this parameter. Please specify it explicitly.
e: file:///app/app/src/test/java/com/synapse/social/studioasinc/data/repository/PollRepositoryTest.kt:115:59 Cannot infer type for this parameter. Please specify it explicitly.
e: file:///app/app/src/test/java/com/synapse/social/studioasinc/data/repository/PollRepositoryTest.kt:117:31 Unresolved reference 'PostgrestResult'.
e: file:///app/app/src/test/java/com/synapse/social/studioasinc/data/repository/PollRepositoryTest.kt:118:9 Cannot infer type for this parameter. Please specify it explicitly.
e: file:///app/app/src/test/java/com/synapse/social/studioasinc/data/repository/PollRepositoryTest.kt:118:29 Unresolved reference 'data'.
e: file:///app/app/src/test/java/com/synapse/social/studioasinc/data/repository/PollRepositoryTest.kt:119:9 Cannot infer type for this parameter. Please specify it explicitly.
e: file:///app/app/src/test/java/com/synapse/social/studioasinc/data/repository/PollRepositoryTest.kt:119:31 Unresolved reference 'select'.
e: file:///app/app/src/test/java/com/synapse/social/studioasinc/data/repository/PollRepositoryTest.kt:119:38 Cannot infer type for this parameter. Please specify it explicitly.
e: file:///app/app/src/test/java/com/synapse/social/studioasinc/data/repository/PollRepositoryTest.kt:119:45 Cannot infer type for this parameter. Please specify it explicitly.
e: file:///app/app/src/test/java/com/synapse/social/studioasinc/data/repository/PollRepositoryTest.kt:119:52 Cannot infer type for this parameter. Please specify it explicitly.
e: file:///app/app/src/test/java/com/synapse/social/studioasinc/data/repository/PollRepositoryTest.kt:119:59 Cannot infer type for this parameter. Please specify it explicitly.
e: file:///app/app/src/test/java/com/synapse/social/studioasinc/data/repository/PollRepositoryTest.kt:124:9 Cannot infer type for this parameter. Please specify it explicitly.
e: file:///app/app/src/test/java/com/synapse/social/studioasinc/data/repository/PollRepositoryTest.kt:124:51 Cannot infer type for this parameter. Please specify it explicitly.
e: file:///app/app/src/test/java/com/synapse/social/studioasinc/data/repository/PollRepositoryTest.kt:124:51 Too many arguments for 'fun StringBuilder.insert(index: Int, value: Short): StringBuilder'.
e: file:///app/app/src/test/java/com/synapse/social/studioasinc/data/repository/PollRepositoryTest.kt:124:58 Cannot infer type for this parameter. Please specify it explicitly.
e: file:///app/app/src/test/java/com/synapse/social/studioasinc/data/repository/PollRepositoryTest.kt:124:58 Too many arguments for 'fun StringBuilder.insert(index: Int, value: Short): StringBuilder'.
e: file:///app/app/src/test/java/com/synapse/social/studioasinc/data/repository/PollRepositoryTest.kt:133:31 Unresolved reference 'PostgrestResult'.
e: file:///app/app/src/test/java/com/synapse/social/studioasinc/data/repository/PollRepositoryTest.kt:134:9 Cannot infer type for this parameter. Please specify it explicitly.
e: file:///app/app/src/test/java/com/synapse/social/studioasinc/data/repository/PollRepositoryTest.kt:134:29 Unresolved reference 'data'.
e: file:///app/app/src/test/java/com/synapse/social/studioasinc/data/repository/PollRepositoryTest.kt:135:9 Cannot infer type for this parameter. Please specify it explicitly.
e: file:///app/app/src/test/java/com/synapse/social/studioasinc/data/repository/PollRepositoryTest.kt:135:31 Unresolved reference 'select'.
e: file:///app/app/src/test/java/com/synapse/social/studioasinc/data/repository/PollRepositoryTest.kt:135:38 Cannot infer type for this parameter. Please specify it explicitly.
e: file:///app/app/src/test/java/com/synapse/social/studioasinc/data/repository/PollRepositoryTest.kt:135:45 Cannot infer type for this parameter. Please specify it explicitly.
e: file:///app/app/src/test/java/com/synapse/social/studioasinc/data/repository/PollRepositoryTest.kt:135:52 Cannot infer type for this parameter. Please specify it explicitly.
e: file:///app/app/src/test/java/com/synapse/social/studioasinc/data/repository/PollRepositoryTest.kt:135:59 Cannot infer type for this parameter. Please specify it explicitly.
e: file:///app/app/src/test/java/com/synapse/social/studioasinc/data/repository/PollRepositoryTest.kt:137:31 Unresolved reference 'PostgrestResult'.
e: file:///app/app/src/test/java/com/synapse/social/studioasinc/data/repository/PollRepositoryTest.kt:138:9 Cannot infer type for this parameter. Please specify it explicitly.
e: file:///app/app/src/test/java/com/synapse/social/studioasinc/data/repository/PollRepositoryTest.kt:138:29 Unresolved reference 'data'.
e: file:///app/app/src/test/java/com/synapse/social/studioasinc/data/repository/PollRepositoryTest.kt:139:9 Cannot infer type for this parameter. Please specify it explicitly.
e: file:///app/app/src/test/java/com/synapse/social/studioasinc/data/repository/PollRepositoryTest.kt:139:31 Unresolved reference 'select'.
e: file:///app/app/src/test/java/com/synapse/social/studioasinc/data/repository/PollRepositoryTest.kt:139:38 Cannot infer type for this parameter. Please specify it explicitly.
e: file:///app/app/src/test/java/com/synapse/social/studioasinc/data/repository/PollRepositoryTest.kt:139:45 Cannot infer type for this parameter. Please specify it explicitly.
e: file:///app/app/src/test/java/com/synapse/social/studioasinc/data/repository/PollRepositoryTest.kt:139:52 Cannot infer type for this parameter. Please specify it explicitly.
e: file:///app/app/src/test/java/com/synapse/social/studioasinc/data/repository/PollRepositoryTest.kt:139:59 Cannot infer type for this parameter. Please specify it explicitly.
e: file:///app/app/src/test/java/com/synapse/social/studioasinc/data/repository/PollRepositoryTest.kt:144:9 Cannot infer type for this parameter. Please specify it explicitly.
e: file:///app/app/src/test/java/com/synapse/social/studioasinc/data/repository/PollRepositoryTest.kt:144:30 Unresolved reference 'update'.
e: file:///app/app/src/test/java/com/synapse/social/studioasinc/data/repository/PollRepositoryTest.kt:144:37 Cannot infer type for this parameter. Please specify it explicitly.
e: file:///app/app/src/test/java/com/synapse/social/studioasinc/data/repository/PollRepositoryTest.kt:144:44 Cannot infer type for this parameter. Please specify it explicitly.
e: file:///app/app/src/test/java/com/synapse/social/studioasinc/data/repository/PollRepositoryTest.kt:144:51 Cannot infer type for this parameter. Please specify it explicitly.
e: file:///app/app/src/test/java/com/synapse/social/studioasinc/data/repository/PollRepositoryTest.kt:144:58 Cannot infer type for this parameter. Please specify it explicitly.
e: file:///app/app/src/test/java/com/synapse/social/studioasinc/data/repository/PollRepositoryTest.kt:152:31 Unresolved reference 'PostgrestResult'.
e: file:///app/app/src/test/java/com/synapse/social/studioasinc/data/repository/PollRepositoryTest.kt:153:9 Cannot infer type for this parameter. Please specify it explicitly.
e: file:///app/app/src/test/java/com/synapse/social/studioasinc/data/repository/PollRepositoryTest.kt:153:29 Unresolved reference 'data'.
e: file:///app/app/src/test/java/com/synapse/social/studioasinc/data/repository/PollRepositoryTest.kt:154:9 Cannot infer type for this parameter. Please specify it explicitly.
e: file:///app/app/src/test/java/com/synapse/social/studioasinc/data/repository/PollRepositoryTest.kt:154:31 Unresolved reference 'select'.
e: file:///app/app/src/test/java/com/synapse/social/studioasinc/data/repository/PollRepositoryTest.kt:154:38 Cannot infer type for this parameter. Please specify it explicitly.
e: file:///app/app/src/test/java/com/synapse/social/studioasinc/data/repository/PollRepositoryTest.kt:154:45 Cannot infer type for this parameter. Please specify it explicitly.
e: file:///app/app/src/test/java/com/synapse/social/studioasinc/data/repository/PollRepositoryTest.kt:154:52 Cannot infer type for this parameter. Please specify it explicitly.
e: file:///app/app/src/test/java/com/synapse/social/studioasinc/data/repository/PollRepositoryTest.kt:154:59 Cannot infer type for this parameter. Please specify it explicitly.
e: file:///app/app/src/test/java/com/synapse/social/studioasinc/data/repository/PollRepositoryTest.kt:167:9 Cannot infer type for this parameter. Please specify it explicitly.
e: file:///app/app/src/test/java/com/synapse/social/studioasinc/data/repository/PollRepositoryTest.kt:167:30 Unresolved reference 'delete'.
e: file:///app/app/src/test/java/com/synapse/social/studioasinc/data/repository/PollRepositoryTest.kt:167:37 Cannot infer type for this parameter. Please specify it explicitly.
e: file:///app/app/src/test/java/com/synapse/social/studioasinc/data/repository/PollRepositoryTest.kt:167:44 Cannot infer type for this parameter. Please specify it explicitly.
e: file:///app/app/src/test/java/com/synapse/social/studioasinc/data/repository/PollRepositoryTest.kt:167:51 Cannot infer type for this parameter. Please specify it explicitly.
e: file:///app/app/src/test/java/com/synapse/social/studioasinc/data/repository/PollRepositoryTest.kt:167:58 Cannot infer type for this parameter. Please specify it explicitly.
e: file:///app/app/src/test/java/com/synapse/social/studioasinc/data/repository/PollRepositoryTest.kt:181:31 Unresolved reference 'PostgrestResult'.
e: file:///app/app/src/test/java/com/synapse/social/studioasinc/data/repository/PollRepositoryTest.kt:182:9 Cannot infer type for this parameter. Please specify it explicitly.
e: file:///app/app/src/test/java/com/synapse/social/studioasinc/data/repository/PollRepositoryTest.kt:182:29 Unresolved reference 'data'.
e: file:///app/app/src/test/java/com/synapse/social/studioasinc/data/repository/PollRepositoryTest.kt:183:9 Cannot infer type for this parameter. Please specify it explicitly.
e: file:///app/app/src/test/java/com/synapse/social/studioasinc/data/repository/PollRepositoryTest.kt:183:31 Unresolved reference 'select'.
e: file:///app/app/src/test/java/com/synapse/social/studioasinc/data/repository/PollRepositoryTest.kt:183:38 Cannot infer type for this parameter. Please specify it explicitly.
e: file:///app/app/src/test/java/com/synapse/social/studioasinc/data/repository/PollRepositoryTest.kt:183:45 Cannot infer type for this parameter. Please specify it explicitly.
e: file:///app/app/src/test/java/com/synapse/social/studioasinc/data/repository/PollRepositoryTest.kt:183:52 Cannot infer type for this parameter. Please specify it explicitly.
e: file:///app/app/src/test/java/com/synapse/social/studioasinc/data/repository/PollRepositoryTest.kt:183:59 Cannot infer type for this parameter. Please specify it explicitly.
e: file:///app/app/src/test/java/com/synapse/social/studioasinc/data/repository/PollRepositoryTest.kt:185:32 Unresolved reference 'PostgrestResult'.
e: file:///app/app/src/test/java/com/synapse/social/studioasinc/data/repository/PollRepositoryTest.kt:186:9 Cannot infer type for this parameter. Please specify it explicitly.
e: file:///app/app/src/test/java/com/synapse/social/studioasinc/data/repository/PollRepositoryTest.kt:186:30 Unresolved reference 'data'.
e: file:///app/app/src/test/java/com/synapse/social/studioasinc/data/repository/PollRepositoryTest.kt:187:9 Cannot infer type for this parameter. Please specify it explicitly.
e: file:///app/app/src/test/java/com/synapse/social/studioasinc/data/repository/PollRepositoryTest.kt:187:31 Unresolved reference 'select'.
e: file:///app/app/src/test/java/com/synapse/social/studioasinc/data/repository/PollRepositoryTest.kt:187:38 Cannot infer type for this parameter. Please specify it explicitly.
e: file:///app/app/src/test/java/com/synapse/social/studioasinc/data/repository/PollRepositoryTest.kt:187:45 Cannot infer type for this parameter. Please specify it explicitly.
e: file:///app/app/src/test/java/com/synapse/social/studioasinc/data/repository/PollRepositoryTest.kt:187:52 Cannot infer type for this parameter. Please specify it explicitly.
e: file:///app/app/src/test/java/com/synapse/social/studioasinc/data/repository/PollRepositoryTest.kt:187:59 Cannot infer type for this parameter. Please specify it explicitly.

FAILURE: Build failed with an exception.

* What went wrong:
Execution failed for task ':app:compileDebugUnitTestKotlin'.
> A failure occurred while executing org.jetbrains.kotlin.compilerRunner.GradleCompilerRunnerWithWorkers$GradleKotlinCompilerWorkAction
   > Compilation error. See log for more details

* Try:
> Run with --stacktrace option to get the stack trace.
> Run with --info or --debug option to get more log output.
> Run with --scan to get full insights.
> Get more help at https://help.gradle.org.

BUILD FAILED in 34s
50 actionable tasks: 2 executed, 48 up-to-date
